#-----------------------------------------------------------
# Vivado v2020.2 (64-bit)
# SW Build 3064766 on Wed Nov 18 09:12:45 MST 2020
# IP Build 3064653 on Wed Nov 18 14:17:31 MST 2020
# Start of session at: Thu Apr 28 12:44:41 2022
# Process ID: 9072
# Current directory: C:/Users/cbovens/Desktop/FinalProject/ClassProject/Lab1
# Command line: vivado.exe -gui_launcher_event rodinguilauncherevent9480 C:\Users\cbovens\Desktop\FinalProject\ClassProject\Lab1\Lab1.xpr
# Log file: C:/Users/cbovens/Desktop/FinalProject/ClassProject/Lab1/vivado.log
# Journal file: C:/Users/cbovens/Desktop/FinalProject/ClassProject/Lab1\vivado.jou
#-----------------------------------------------------------
start_gui
open_project C:/Users/cbovens/Desktop/FinalProject/ClassProject/Lab1/Lab1.xpr
CRITICAL WARNING: [Project 1-19] Could not find the file 'C:/Users/cbovens/Desktop/FinalProject/ClassProject/Demo/archive_project_summary.txt'.
Scanning sources...
Finished scanning sources
INFO: [IP_Flow 19-234] Refreshing IP repositories
INFO: [IP_Flow 19-1704] No user IP repositories specified
INFO: [IP_Flow 19-2313] Loaded Vivado IP repository 'C:/Xilinx/Vivado/2020.2/data/ip'.
open_project: Time (s): cpu = 00:00:11 ; elapsed = 00:00:06 . Memory (MB): peak = 1079.984 ; gain = 0.000
update_compile_order -fileset sources_1
reset_run synth_1
launch_runs synth_1 -jobs 8
[Thu Apr 28 12:51:02 2022] Launched synth_1...
Run output will be captured here: C:/Users/cbovens/Desktop/FinalProject/ClassProject/Lab1/Lab1.runs/synth_1/runme.log
launch_runs impl_1 -jobs 8
[Thu Apr 28 12:52:00 2022] Launched impl_1...
Run output will be captured here: C:/Users/cbovens/Desktop/FinalProject/ClassProject/Lab1/Lab1.runs/impl_1/runme.log
launch_runs impl_1 -to_step write_bitstream -jobs 8
[Thu Apr 28 12:53:10 2022] Launched impl_1...
Run output will be captured here: C:/Users/cbovens/Desktop/FinalProject/ClassProject/Lab1/Lab1.runs/impl_1/runme.log
open_hw_manager
connect_hw_server -allow_non_jtag
INFO: [Labtools 27-2285] Connecting to hw_server url TCP:localhost:3121
INFO: [Labtools 27-2222] Launching hw_server...
INFO: [Labtools 27-2221] Launch Output:

****** Xilinx hw_server v2020.2
  **** Build date : Nov 18 2020 at 10:01:48
    ** Copyright 1986-2020 Xilinx, Inc. All Rights Reserved.


INFO: [Labtools 27-3415] Connecting to cs_server url TCP:localhost:3042
INFO: [Labtools 27-3417] Launching cs_server...
INFO: [Labtools 27-2221] Launch Output:


******** Xilinx cs_server v2020.2
  ****** Build date   : Nov 03 2020-15:02:56
    **** Build number : 2020.2.1604437376
      ** Copyright 2017-2020 Xilinx, Inc. All Rights Reserved.



connect_hw_server: Time (s): cpu = 00:00:01 ; elapsed = 00:00:10 . Memory (MB): peak = 1098.535 ; gain = 0.000
open_hw_target
INFO: [Labtoolstcl 44-466] Opening hw_target localhost:3121/xilinx_tcf/Digilent/210014A24E61A
open_hw_target: Time (s): cpu = 00:00:03 ; elapsed = 00:00:07 . Memory (MB): peak = 2618.664 ; gain = 1520.129
set_property PROGRAM.FILE {C:/Users/cbovens/Desktop/FinalProject/ClassProject/Lab1/Lab1.runs/impl_1/top_demo.bit} [get_hw_devices xc7z020_1]
current_hw_device [get_hw_devices xc7z020_1]
refresh_hw_device -update_hw_probes false [lindex [get_hw_devices xc7z020_1] 0]
INFO: [Labtools 27-1434] Device xc7z020 (JTAG device index = 1) is programmed with a design that has no supported debug core(s) in it.
set_property PROBES.FILE {} [get_hw_devices xc7z020_1]
set_property FULL_PROBES.FILE {} [get_hw_devices xc7z020_1]
set_property PROGRAM.FILE {C:/Users/cbovens/Desktop/FinalProject/ClassProject/Lab1/Lab1.runs/impl_1/top_demo.bit} [get_hw_devices xc7z020_1]
program_hw_devices [get_hw_devices xc7z020_1]
INFO: [Labtools 27-3164] End of startup status: HIGH
refresh_hw_device [lindex [get_hw_devices xc7z020_1] 0]
INFO: [Labtools 27-1434] Device xc7z020 (JTAG device index = 1) is programmed with a design that has no supported debug core(s) in it.
set_property PROBES.FILE {} [get_hw_devices xc7z020_1]
set_property FULL_PROBES.FILE {} [get_hw_devices xc7z020_1]
set_property PROGRAM.FILE {C:/Users/cbovens/Desktop/FinalProject/ClassProject/Lab1/Lab1.runs/impl_1/top_demo.bit} [get_hw_devices xc7z020_1]
program_hw_devices [get_hw_devices xc7z020_1]
INFO: [Labtools 27-3164] End of startup status: HIGH
refresh_hw_device [lindex [get_hw_devices xc7z020_1] 0]
INFO: [Labtools 27-1434] Device xc7z020 (JTAG device index = 1) is programmed with a design that has no supported debug core(s) in it.
exit
INFO: [Common 17-206] Exiting Vivado at Thu Apr 28 13:43:20 2022...
